<?xml version="1.0" encoding="UTF-8"?>
<!-- Generated by org.testng.reporters.JUnitReportReporter -->
<testsuite hostname="jagadesh28-testng-q0zbezadixm" failures="0" tests="12" name="com.lambdatest.Testng1" time="346.338" errors="0" timestamp="09 Feb 2022 04:38:24 GMT" skipped="0">
  <testcase classname="com.lambdatest.Testng1" name="scenarioOne" time="50.125"/>
  <testcase classname="com.lambdatest.Testng1" name="scenarioOne" time="49.707"/>
  <testcase classname="com.lambdatest.Testng1" name="scenarioOne" time="22.013"/>
  <testcase classname="com.lambdatest.Testng1" name="scenarioOne" time="58.001"/>
  <testcase classname="com.lambdatest.Testng1" name="secondScenario" time="24.080"/>
  <testcase classname="com.lambdatest.Testng1" name="secondScenario" time="22.936"/>
  <testcase classname="com.lambdatest.Testng1" name="secondScenario" time="24.924"/>
  <testcase classname="com.lambdatest.Testng1" name="secondScenario" time="20.186"/>
  <testcase classname="com.lambdatest.Testng1" name="thirdScenario" time="10.672"/>
  <testcase classname="com.lambdatest.Testng1" name="thirdScenario" time="20.238"/>
  <testcase classname="com.lambdatest.Testng1" name="thirdScenario" time="34.311"/>
  <testcase classname="com.lambdatest.Testng1" name="thirdScenario" time="9.145"/>
</testsuite> <!-- com.lambdatest.Testng1 -->
