<?xml version="1.0" encoding="UTF-8"?>
<!-- Generated by org.testng.reporters.JUnitReportReporter -->
<testsuite hostname="shaikrasool11-testng-cbn9b0qxiri" failures="0" tests="12" name="com.lambdatest.Testng1" time="328.362" errors="0" timestamp="10 Feb 2022 09:29:44 GMT" skipped="0">
  <testcase classname="com.lambdatest.Testng1" name="scenarioOne" time="23.951"/>
  <testcase classname="com.lambdatest.Testng1" name="scenarioOne" time="7.802"/>
  <testcase classname="com.lambdatest.Testng1" name="scenarioOne" time="19.495"/>
  <testcase classname="com.lambdatest.Testng1" name="scenarioOne" time="17.372"/>
  <testcase classname="com.lambdatest.Testng1" name="secondScenario" time="33.285"/>
  <testcase classname="com.lambdatest.Testng1" name="secondScenario" time="74.943"/>
  <testcase classname="com.lambdatest.Testng1" name="secondScenario" time="15.458"/>
  <testcase classname="com.lambdatest.Testng1" name="secondScenario" time="21.398"/>
  <testcase classname="com.lambdatest.Testng1" name="thirdScenario" time="17.047"/>
  <testcase classname="com.lambdatest.Testng1" name="thirdScenario" time="20.045"/>
  <testcase classname="com.lambdatest.Testng1" name="thirdScenario" time="26.393"/>
  <testcase classname="com.lambdatest.Testng1" name="thirdScenario" time="51.173"/>
</testsuite> <!-- com.lambdatest.Testng1 -->
